2025-02-07 at 10:16:39 - INFO - Starting the dataset loading process. (main.py:65)
2025-02-07 at 10:16:52 - INFO - Dataset loaded successfully and converted to pandas DataFrame. (main.py:68)
2025-02-07 at 10:16:52 - INFO - Starting analysis using TimezoneClusterAnalyzer. (main.py:70)
2025-02-07 at 10:16:52 - INFO - Initialized TimezoneClusterAnalyzer with 24 clusters. (timezone_cluster_analyzer.py:22)
2025-02-07 at 10:16:52 - INFO - Starting analysis on dataframe with 2107530 records. (timezone_cluster_analyzer.py:72)
2025-02-07 at 10:16:54 - INFO - Converted 'created_at' to datetime. (timezone_cluster_analyzer.py:37)
2025-02-07 at 10:16:54 - INFO - Extracted and transformed cyclical time features. (timezone_cluster_analyzer.py:50)
2025-02-07 at 10:16:54 - INFO - Features scaled. (timezone_cluster_analyzer.py:53)
2025-02-07 at 10:16:56 - INFO - Clustering complete. 24 clusters formed. (timezone_cluster_analyzer.py:78)
2025-02-07 at 10:16:56 - INFO - Cluster centers converted back to hours. (timezone_cluster_analyzer.py:85)
2025-02-07 at 10:17:53 - INFO - Analysis completed. (main.py:73)
2025-02-07 at 10:17:53 - INFO - Summarizing results by region. (main.py:89)
2025-02-07 at 10:17:53 - INFO - Database connection established. (main.py:103)
2025-02-07 at 10:17:53 - INFO - Data upserted successfully into regional_activity_clusters. (main.py:59)
2025-02-07 at 10:17:53 - INFO - Data processing and upserting completed. Check 'file.log' for more details. (main.py:119)
2025-03-03 at 08:43:36 - INFO - Starting the dataset loading process. (main.py:65)
2025-03-03 at 08:43:44 - INFO - Dataset loaded successfully and converted to pandas DataFrame. (main.py:68)
2025-03-03 at 08:43:44 - INFO - Starting analysis using TimezoneClusterAnalyzer. (main.py:70)
2025-03-03 at 08:43:44 - INFO - Initialized TimezoneClusterAnalyzer with 24 clusters. (timezone_cluster_analyzer.py:22)
2025-03-03 at 08:43:44 - INFO - Starting analysis on dataframe with 2107530 records. (timezone_cluster_analyzer.py:72)
2025-03-03 at 08:43:46 - INFO - Converted 'created_at' to datetime. (timezone_cluster_analyzer.py:37)
2025-03-03 at 08:43:46 - INFO - Extracted and transformed cyclical time features. (timezone_cluster_analyzer.py:50)
2025-03-03 at 08:43:46 - INFO - Features scaled. (timezone_cluster_analyzer.py:53)
2025-03-03 at 08:43:48 - INFO - Clustering complete. 24 clusters formed. (timezone_cluster_analyzer.py:78)
2025-03-03 at 08:43:48 - INFO - Cluster centers converted back to hours. (timezone_cluster_analyzer.py:85)
2025-03-03 at 08:44:46 - INFO - Analysis completed. (main.py:73)
2025-03-03 at 08:44:46 - INFO - Summarizing results by region. (main.py:89)
2025-03-03 at 08:44:46 - INFO - Database connection established. (main.py:103)
2025-03-03 at 08:44:46 - INFO - Data upserted successfully into regional_activity_clusters. (main.py:59)
2025-03-03 at 08:44:46 - INFO - Data processing and upserting completed. Check 'file.log' for more details. (main.py:119)
